d:\work\code\msmqsample-master\debug\appmsmq.pch
d:\work\code\msmqsample-master\debug\vc140.pdb
d:\work\code\msmqsample-master\debug\stdafx.obj
d:\work\code\msmqsample-master\debug\appmsmqdlg.obj
d:\work\code\msmqsample-master\debug\appmsmq.obj
d:\work\code\msmqsample-master\debug\agsmsmq.obj
d:\work\code\msmqsample-master\x64\debug\appmsmq.ilk
d:\work\code\msmqsample-master\x64\debug\appmsmq.exe
d:\work\code\msmqsample-master\debug\appmsmq.pdb
d:\360安全浏览器下载\msmqsample-master\x64\debug\appmsmq.res
d:\work\code\msmqsample-master\x64\debug\appmsmq.res
d:\work\code\msmqsample-master\./x64/debug\appmsmq.exe
d:\work\code\msmqsample-master\x64\debug\appmsmq.tlog\cl.command.1.tlog
d:\work\code\msmqsample-master\x64\debug\appmsmq.tlog\cl.read.1.tlog
d:\work\code\msmqsample-master\x64\debug\appmsmq.tlog\cl.write.1.tlog
d:\work\code\msmqsample-master\x64\debug\appmsmq.tlog\link.command.1.tlog
d:\work\code\msmqsample-master\x64\debug\appmsmq.tlog\link.read.1.tlog
d:\work\code\msmqsample-master\x64\debug\appmsmq.tlog\link.write.1.tlog
d:\work\code\msmqsample-master\x64\debug\appmsmq.tlog\rc.command.1.tlog
d:\work\code\msmqsample-master\x64\debug\appmsmq.tlog\rc.read.1.tlog
d:\work\code\msmqsample-master\x64\debug\appmsmq.tlog\rc.write.1.tlog
